<?xml version='1.0' encoding='UTF-8'?>
<testsuite hostname="LAPTOP-LKSP9VGH" name="TestParserCSV" tests="8" errors="0" failures="0" skipped="0" time="0.071" timestamp="2021-11-05T16:00:30">
          <properties>
[...]
</properties>
          <testcase classname="TestParserCSV" name="Empty string" time="0.068">
                      
                    </testcase><testcase classname="TestParserCSV" name="simple" time="0.001">
                      
                    </testcase><testcase classname="TestParserCSV" name="List String" time="0.0">
                      
                    </testcase><testcase classname="TestParserCSV" name="No comma inside quote" time="0.0">
                      
                    </testcase><testcase classname="TestParserCSV" name="Comma inside quote" time="0.0">
                      
                    </testcase><testcase classname="TestParserCSV" name="Quote and comma inside quote" time="0.001">
                      
                    </testcase><testcase classname="TestParserCSV" name="Null elements in the middle" time="0.0">
                      
                    </testcase><testcase classname="TestParserCSV" name="Null elements at the end" time="0.001">
                      
                    </testcase>
          <system-out><![CDATA[]]></system-out>
          <system-err><![CDATA[]]></system-err>
        </testsuite>